AppBus1/app/build/outputs/logs/manifest-merger-debug-report.txt
-- Merging decision tree log ---
manifest
ADDED from src\main\AndroidManifest.xml:2:1-33:12
	package
		ADDED from src\main\AndroidManifest.xml:4:5-40
		INJECTED from src\main\AndroidManifest.xml
		INJECTED from src\main\AndroidManifest.xml
	android:versionName
		INJECTED from src\main\AndroidManifest.xml
		INJECTED from src\main\AndroidManifest.xml
	xmlns:tools
		ADDED from src\main\AndroidManifest.xml:3:5-51
	xmlns:android
		ADDED from src\main\AndroidManifest.xml:2:11-69
	android:versionCode
		INJECTED from src\main\AndroidManifest.xml
		INJECTED from src\main\AndroidManifest.xml
uses-permission#android.permission.INTERNET
ADDED from src\main\AndroidManifest.xml:5:5-67
MERGED from [com.google.android.exoplayer:exoplayer:r1.5.3] AndroidManifest.xml:29:5-67
MERGED from [com.github.pwittchen:reactivenetwork:0.5.2] AndroidManifest.xml:12:5-67
MERGED from [com.koushikdutta.ion:ion:2.1.9] AndroidManifest.xml:11:5-67
MERGED from [com.koushikdutta.async:androidasync:2.1.9] AndroidManifest.xml:11:5-67
	android:name
		ADDED from src\main\AndroidManifest.xml:5:22-64
uses-permission#android.permission.ACCESS_NETWORK_STATE
ADDED from src\main\AndroidManifest.xml:6:5-79
MERGED from [com.github.pwittchen:reactivenetwork:0.5.2] AndroidManifest.xml:11:5-79
	android:name
		ADDED from src\main\AndroidManifest.xml:6:22-76
uses-permission#android.permission.ACCESS_FINE_LOCATION
ADDED from src\main\AndroidManifest.xml:7:5-79
	android:name
		ADDED from src\main\AndroidManifest.xml:7:22-76
uses-permission#android.permission.ACCESS_COARSE_LOCATION
ADDED from src\main\AndroidManifest.xml:8:5-80
	android:name
		ADDED from src\main\AndroidManifest.xml:8:22-78
application
ADDED from src\main\AndroidManifest.xml:10:5-31:19
MERGED from [com.android.support:design:24.2.1] AndroidManifest.xml:22:5-20
MERGED from [com.android.support:support-v4:24.2.1] AndroidManifest.xml:25:5-20
MERGED from [com.android.support:support-compat:24.2.1] AndroidManifest.xml:25:5-20
MERGED from [com.android.support:support-media-compat:24.2.1] AndroidManifest.xml:25:5-20
MERGED from [com.android.support:support-core-utils:24.2.1] AndroidManifest.xml:25:5-20
MERGED from [com.android.support:support-core-ui:24.2.1] AndroidManifest.xml:25:5-20
MERGED from [com.android.support:support-fragment:24.2.1] AndroidManifest.xml:25:5-20
MERGED from [com.android.support:appcompat-v7:24.2.1] AndroidManifest.xml:25:5-20
MERGED from [com.android.support:support-vector-drawable:24.2.1] AndroidManifest.xml:23:5-20
MERGED from [com.android.support:animated-vector-drawable:24.2.1] AndroidManifest.xml:22:5-20
MERGED from [com.android.support:cardview-v7:24.2.1] AndroidManifest.xml:22:5-20
MERGED from [com.github.traex.expandablelayout:library:1.2.2] AndroidManifest.xml:11:5-15:19
MERGED from [com.github.pwittchen:reactivenetwork:0.5.2] AndroidManifest.xml:14:5-20
MERGED from [de.hdodenhof:circleimageview:2.1.0] AndroidManifest.xml:9:5-20
MERGED from [com.koushikdutta.ion:ion:2.1.9] AndroidManifest.xml:13:5-14:19
MERGED from [com.koushikdutta.async:androidasync:2.1.9] AndroidManifest.xml:13:5-14:19
	android:label
		ADDED from src\main\AndroidManifest.xml:14:9-41
	android:supportsRtl
		ADDED from src\main\AndroidManifest.xml:16:9-35
	android:allowBackup
		ADDED from src\main\AndroidManifest.xml:11:9-35
	android:icon
		ADDED from src\main\AndroidManifest.xml:12:9-45
		REJECTED from [com.github.traex.expandablelayout:library:1.2.2] AndroidManifest.xml:13:9-45
	android:theme
		ADDED from src\main\AndroidManifest.xml:17:9-40
	tools:replace
		ADDED from src\main\AndroidManifest.xml:13:9-37
	android:name
		ADDED from src\main\AndroidManifest.xml:15:9-38
meta-data#com.google.android.maps.v2.API_KEY
ADDED from src\main\AndroidManifest.xml:18:9-20:71
	android:value
		ADDED from src\main\AndroidManifest.xml:20:13-68
	android:name
		ADDED from src\main\AndroidManifest.xml:19:13-62
activity#com.example.admin.appbus1.MainActivity
ADDED from src\main\AndroidManifest.xml:21:9-30:20
	android:label
		ADDED from src\main\AndroidManifest.xml:23:13-45
	android:theme
		ADDED from src\main\AndroidManifest.xml:24:13-56
	android:name
		ADDED from src\main\AndroidManifest.xml:22:13-41
intent-filter#android.intent.action.MAIN+android.intent.category.LAUNCHER
ADDED from src\main\AndroidManifest.xml:25:13-29:29
action#android.intent.action.MAIN
ADDED from src\main\AndroidManifest.xml:26:17-69
	android:name
		ADDED from src\main\AndroidManifest.xml:26:25-66
category#android.intent.category.LAUNCHER
ADDED from src\main\AndroidManifest.xml:28:17-77
	android:name
		ADDED from src\main\AndroidManifest.xml:28:27-74
uses-sdk
INJECTED from src\main\AndroidManifest.xml reason: use-sdk injection requested
MERGED from [io.realm:realm-android-library:1.1.1] AndroidManifest.xml:5:5-7:41
MERGED from [com.getkeepsafe.relinker:relinker:1.2.1] AndroidManifest.xml:7:5-43
MERGED from [com.android.support:design:24.2.1] AndroidManifest.xml:20:5-43
MERGED from [com.android.support:support-v4:24.2.1] AndroidManifest.xml:21:5-23:54
MERGED from [com.android.support:support-compat:24.2.1] AndroidManifest.xml:21:5-23:58
MERGED from [com.android.support:support-media-compat:24.2.1] AndroidManifest.xml:21:5-23:63
MERGED from [com.android.support:support-core-utils:24.2.1] AndroidManifest.xml:21:5-23:61
MERGED from [com.android.support:support-core-ui:24.2.1] AndroidManifest.xml:21:5-23:58
MERGED from [com.android.support:support-fragment:24.2.1] AndroidManifest.xml:21:5-23:60
MERGED from [com.android.support:appcompat-v7:24.2.1] AndroidManifest.xml:21:5-23:78
MERGED from [com.android.support:support-vector-drawable:24.2.1] AndroidManifest.xml:21:5-43
MERGED from [com.android.support:animated-vector-drawable:24.2.1] AndroidManifest.xml:20:5-44
MERGED from [com.android.support:recyclerview-v7:24.2.1] AndroidManifest.xml:20:5-43
MERGED from [com.android.support:cardview-v7:24.2.1] AndroidManifest.xml:20:5-43
MERGED from [com.jakewharton:butterknife:8.4.0] AndroidManifest.xml:5:5-43
MERGED from [com.github.florent37:materialtextfield:1.0.5] AndroidManifest.xml:8:5-10:41
MERGED from [com.github.traex.expandablelayout:library:1.2.2] AndroidManifest.xml:7:5-9:41
MERGED from [com.sromku:simple-storage:1.2.0] AndroidManifest.xml:8:5-10:41
MERGED from [com.google.android.exoplayer:exoplayer:r1.5.3] AndroidManifest.xml:24:5-26:41
MERGED from [com.github.pwittchen:reactivenetwork:0.5.2] AndroidManifest.xml:7:5-9:41
MERGED from [io.reactivex:rxandroid:1.2.1] AndroidManifest.xml:19:5-43
MERGED from [de.hdodenhof:circleimageview:2.1.0] AndroidManifest.xml:5:5-7:41
MERGED from [pl.droidsonroids.gif:android-gif-drawable:1.1.7] AndroidManifest.xml:6:5-8:41
MERGED from [com.koushikdutta.ion:ion:2.1.9] AndroidManifest.xml:7:5-9:41
MERGED from [com.koushikdutta.async:androidasync:2.1.9] AndroidManifest.xml:7:5-9:41
	tools:overrideLibrary
		ADDED from [com.android.support:support-v4:24.2.1] AndroidManifest.xml:23:9-51
	android:targetSdkVersion
		INJECTED from src\main\AndroidManifest.xml
		INJECTED from src\main\AndroidManifest.xml
	android:minSdkVersion
		INJECTED from src\main\AndroidManifest.xml
		INJECTED from src\main\AndroidManifest.xml
uses-permission#android.permission.READ_EXTERNAL_STORAGE
ADDED from [com.google.android.exoplayer:exoplayer:r1.5.3] AndroidManifest.xml:31:5-80
	android:name
		ADDED from [com.google.android.exoplayer:exoplayer:r1.5.3] AndroidManifest.xml:31:22-77
uses-permission#android.permission.WRITE_EXTERNAL_STORAGE
ADDED from [com.google.android.exoplayer:exoplayer:r1.5.3] AndroidManifest.xml:33:5-81
	android:name
		ADDED from [com.google.android.exoplayer:exoplayer:r1.5.3] AndroidManifest.xml:33:22-78
android:uses-permission#android.permission.READ_EXTERNAL_STORAGE
IMPLIED from src\main\AndroidManifest.xml:2:1-33:12 reason: com.google.android.exoplayer requested WRITE_EXTERNAL_STORAGE